## 2026-06-12 — Character image arrays auslagern / übersichtlicher gestalten

**Optionen:**

1. **Konstanten-Datei auslagern** (`models/character.constants.js`)
   - Arrays als `const CHARACTER_IMAGES = { WALK: [...], IDLE: [...], ... }` in eigener Datei
   - Datei in `index.html` vor `character.class.js` laden
   - Einfachster Einstieg, übt das Aufteilen von Code in Dateien

2. **Static class fields**
   - `static WALK = ["..."]` statt Instanz-Felder
   - Array existiert nur einmal auf der Klasse, nicht auf jeder Instanz
   - Zugriff via `Character.WALK` oder `this.constructor.WALK`

3. **Frame-Generator Helfer**
   - Wiederholende Pfade (`W-21.png` … `W-26.png`) per Funktion generieren
   - `function frames(path, prefix, start, end) { ... }`

**Empfehlung:** Mit Option 1 beginnen → dann Option 2 als saubererer OOP-Ansatz.


## 2026-06-12 — Funktionen aufteilen für bessere Lesbarkeit

### Bug: `isColliding()` — `movable-objects.class.js:92`
AABB-Kollision prüft `this.x < mo.x` statt `this.x < mo.x + mo.width` — rechte Kante fehlt.

```javascript
// Vorher (buggy):
return this.x + this.width > mo.x && this.y + this.height > mo.y && this.x < mo.x && this.y < mo.y + mo.height;

// Nachher:
const horizontalOverlap = this.x + this.width > mo.x && this.x < mo.x + mo.width;
const verticalOverlap   = this.y + this.height > mo.y && this.y < mo.y + mo.height;
return horizontalOverlap && verticalOverlap;
```

### `moveCharacter()` — `character.class.js:75–95`
Mischt Input, Animation und Camera in einer Funktion. Aufteilung:
- `handleHorizontalMovement()` — Links/Rechts-Logik
- `handleJump()` — Sprung-Bedingung
- `updateCamera()` — `camera_x` setzen
- `startAnimations()` — Animation-Intervals starten

### `draw()` — `world.class.js:34–49`
Camera-Transformation und Rendering mischen. Extract:
- `drawScene()` — translate wrap
- `renderAllObjects()` — alle `addToMap`/`addObjectsToMap` Aufrufe

### `setInterval` ohne Tracking — alle Klassen
Kein `clearInterval` → Memory-Leak bei Neustart. Lösung in `MoveableObject`:
```javascript
startTimer(callback, interval) {
  const id = setInterval(callback, interval);
  this.activeIntervals.push(id);
  return id;
}
cleanup() {
  this.activeIntervals.forEach(id => clearInterval(id));
  this.activeIntervals = [];
}
```

